QUERY PLAN
Bitmap Heap Scan on goods  (cost=18.64..23.15 rows=1 width=32) (actual time=0.064..0.066 rows=2 loops=1)
"  Recheck Cond: ((price >= '10'::numeric) AND (price <= '30'::numeric) AND (to_tsvector('english'::regconfig, description) @@ to_tsquery('tea'::text)))"
  Heap Blocks: exact=2
  ->  BitmapAnd  (cost=18.64..18.64 rows=1 width=0) (actual time=0.058..0.058 rows=0 loops=1)
        ->  Bitmap Index Scan on goods_price_idx  (cost=0.00..5.97 rows=169 width=0) (actual time=0.032..0.032 rows=168 loops=1)
              Index Cond: ((price >= '10'::numeric) AND (price <= '30'::numeric))
        ->  Bitmap Index Scan on goods_descr_gin_idx  (cost=0.00..12.41 rows=22 width=0) (actual time=0.022..0.022 rows=62 loops=1)
"              Index Cond: (to_tsvector('english'::regconfig, description) @@ to_tsquery('tea'::text))"
Planning Time: 0.579 ms
Execution Time: 0.093 ms
