QUERY PLAN
Sort  (cost=1737.05..1740.23 rows=1270 width=72) (actual time=214.950..214.952 rows=36 loops=1)
  Sort Key: (count(*)) DESC
  Sort Method: quicksort  Memory: 27kB
  ->  HashAggregate  (cost=1655.71..1671.58 rows=1270 width=72) (actual time=214.914..214.931 rows=36 loops=1)
        Group Key: c.readable_name
        ->  Nested Loop  (cost=44.84..1616.23 rows=3158 width=42) (actual time=0.865..91.351 rows=204587 loops=1)
              ->  Hash Join  (cost=44.41..237.44 rows=151 width=40) (actual time=0.853..5.422 rows=10320 loops=1)
                    Hash Cond: (invoices.destination_country_id = c.id)
                    ->  Bitmap Heap Scan on invoices  (cost=5.84..198.47 rows=151 width=12) (actual time=0.813..2.119 rows=10320 loops=1)
                          Recheck Cond: ((date(invoice_date) >= '2011-01-01'::date) AND (date(invoice_date) <= '2012-01-01'::date))
                          Heap Blocks: exact=66
                          ->  Bitmap Index Scan on invoice_date_date_idx  (cost=0.00..5.80 rows=151 width=0) (actual time=0.792..0.792 rows=10320 loops=1)
                                Index Cond: ((date(invoice_date) >= '2011-01-01'::date) AND (date(invoice_date) <= '2012-01-01'::date))
                    ->  Hash  (cost=22.70..22.70 rows=1270 width=36) (actual time=0.027..0.028 rows=42 loops=1)
                          Buckets: 2048  Batches: 1  Memory Usage: 18kB
                          ->  Seq Scan on countries c  (cost=0.00..22.70 rows=1270 width=36) (actual time=0.006..0.013 rows=42 loops=1)
              ->  Index Scan using invoice_parts_invoice_id_idx on invoice_parts ip  (cost=0.42..8.80 rows=33 width=18) (actual time=0.002..0.004 rows=20 loops=10320)
                    Index Cond: (invoice_id = invoices.id)
Planning Time: 0.461 ms
Execution Time: 215.069 ms
